<?xml version="1.0" encoding="UTF-8"?>
<testng-results skipped="0" failed="0" ignored="0" total="1" passed="1">
  <reporter-output>
  </reporter-output>
  <suite name="Suite" duration-ms="21985" started-at="2021-05-06T04:03:15 EDT" finished-at="2021-05-06T04:03:37 EDT">
    <groups>
      <group name="cucumber">
        <method signature="AbstractTestNGCucumberTests.runScenario(io.cucumber.testng.PickleWrapper, io.cucumber.testng.FeatureWrapper)[pri:0, instance:runners.TestRunner@158d2680]" name="runScenario" class="io.cucumber.testng.AbstractTestNGCucumberTests"/>
      </group> <!-- cucumber -->
    </groups>
    <test name="TestCucumber" duration-ms="21985" started-at="2021-05-06T04:03:15 EDT" finished-at="2021-05-06T04:03:37 EDT">
      <class name="runners.TestRunner">
        <test-method status="PASS" signature="setUpClass()[pri:0, instance:runners.TestRunner@158d2680]" name="setUpClass" is-config="true" duration-ms="860" started-at="2021-05-06T04:03:15 EDT" finished-at="2021-05-06T04:03:16 EDT">
          <reporter-output>
          </reporter-output>
        </test-method> <!-- setUpClass -->
        <test-method status="PASS" signature="runScenario(io.cucumber.testng.PickleWrapper, io.cucumber.testng.FeatureWrapper)[pri:0, instance:runners.TestRunner@158d2680]" name="runScenario" duration-ms="21001" started-at="2021-05-06T04:03:16 EDT" description="Runs Cucumber Scenarios" data-provider="scenarios" finished-at="2021-05-06T04:03:37 EDT">
          <params>
            <param index="0">
              <value>
                <![CDATA["Login with valid credentials"]]>
              </value>
            </param>
            <param index="1">
              <value>
                <![CDATA["Optional[Application login]"]]>
              </value>
            </param>
          </params>
          <reporter-output>
          </reporter-output>
        </test-method> <!-- runScenario -->
        <test-method status="PASS" signature="tearDownClass()[pri:0, instance:runners.TestRunner@158d2680]" name="tearDownClass" is-config="true" duration-ms="62" started-at="2021-05-06T04:03:37 EDT" finished-at="2021-05-06T04:03:37 EDT">
          <reporter-output>
          </reporter-output>
        </test-method> <!-- tearDownClass -->
      </class> <!-- runners.TestRunner -->
    </test> <!-- TestCucumber -->
  </suite> <!-- Suite -->
</testng-results>
